        -:    0:Source:cardtest1.c
        -:    0:Graph:cardtest1.gcno
        -:    0:Data:cardtest1.gcda
        -:    0:Runs:1
        -:    0:Programs:1
        -:    1:#include "dominion.h"
        -:    2:#include "dominion_helpers.h"
        -:    3:#include "rngs.h"
        -:    4:#include <stdio.h>
        -:    5:#include <math.h>
        -:    6:#include <stdlib.h>
        -:    7:#include "asserttrue.h"
        -:    8:
        1:    9:int main(){
        1:   10:	printf("Card Test 1 - Adventurer\n");
        -:   11:	
        -:   12:	//initialize
        -:   13:	struct gameState state;
        -:   14:	
        -:   15:	int temphand[MAX_HAND];// moved above the if statement
        1:   16:	int drawntreasure=0;
        -:   17:	int cardDrawn;
        1:   18:	int z = 0;
        -:   19:		
        1:   20:	int card[] = {village, estate, duchy, province, copper, silver, smithy, gold, adventurer, feast, gardens};
        -:   21:		
        1:   22:	initializeGame(2, card, 1, &state);
        -:   23:
        1:   24:	state.deck[0][0] = card[5];
        -:   25:	
        1:   26:	state.deckCount[0] = 10;
        -:   27:
        -:   28:	//Draw smithy card
        1:   29:	printf("Play Adventurer\n");
        1:   30:	useAdventurer(drawntreasure, 0, &state, cardDrawn, temphand, z);
        -:   31:
        -:   32:	//Check
        1:   33:	printf("Player should have 8 cards, and has %d cards\n", state.deckCount[0]);
        1:   34:	assertTrue(state.deckCount[0] == 8);
        -:   35:	
        1:   36:	return 0;
        -:   37:}
