        -:    0:Source:cardtest3.c
        -:    0:Graph:cardtest3.gcno
        -:    0:Data:cardtest3.gcda
        -:    0:Runs:2
        -:    0:Programs:1
        -:    1:#include "dominion.h"
        -:    2:#include "dominion_helpers.h"
        -:    3:#include "rngs.h"
        -:    4:#include <stdio.h>
        -:    5:#include <math.h>
        -:    6:#include <stdlib.h>
        -:    7:#include "asserttrue.h"
        -:    8:
        2:    9:int main(){
        2:   10:	printf("Card Test 3 - Village\n");
        -:   11:	
        -:   12:	//initialize
        -:   13:	struct gameState state;
        -:   14:		
        2:   15:	int card[] = {village, estate, duchy, province, copper, silver, smithy, gold, adventurer, feast, gardens};
        -:   16:		
        2:   17:	initializeGame(2, card, 1, &state);
        -:   18:
        2:   19:	state.hand[0][0] = card[0];
        -:   20:	
        2:   21:	state.handCount[0] = 1;
        -:   22:
        -:   23:	//Draw village card
        2:   24:	printf("Play Village\n");
        2:   25:	useSmithy(0, &state);
        -:   26:
        -:   27:	//Check
        2:   28:	printf("Player should have 2 cards, and has %d cards\n", state.handCount[0]);
        2:   29:	assertTrue(state.handCount[0] == 2);
        -:   30:	
        2:   31:	return 0;
        -:   32:}
