        -:    0:Source:cardtest2.c
        -:    0:Graph:cardtest2.gcno
        -:    0:Data:cardtest2.gcda
        -:    0:Runs:1
        -:    0:Programs:1
        -:    1:#include "dominion.h"
        -:    2:#include "dominion_helpers.h"
        -:    3:#include "rngs.h"
        -:    4:#include <stdio.h>
        -:    5:#include <math.h>
        -:    6:#include <stdlib.h>
        -:    7:#include "asserttrue.h"
        -:    8:
        1:    9:int main(){
        1:   10:	printf("Card Test 1 - Smithy\n");
        -:   11:	
        -:   12:	//initialize
        -:   13:	struct gameState state;
        -:   14:		
        1:   15:	int card[] = {village, estate, duchy, province, copper, silver, smithy, gold, adventurer, feast, gardens};
        -:   16:		
        1:   17:	initializeGame(2, card, 1, &state);
        -:   18:
        1:   19:	state.hand[0][0] = card[6];
        -:   20:	
        1:   21:	state.handCount[0] = 1;
        -:   22:
        -:   23:	//Draw smithy card
        1:   24:	printf("Play Smithy\n");
        1:   25:	useSmithy(0, &state);
        -:   26:
        -:   27:	//Check
        1:   28:	printf("Player should have 4 cards, and has %d cards\n", state.handCount[0]);
        1:   29:	assertTrue(state.handCount[0] == 4);
        -:   30:	
        1:   31:	return 0;
        -:   32:}
