        -:    0:Source:dominion.c
        -:    0:Programs:49
        -:    1:#include "dominion.h"
        -:    2:#include "dominion_helpers.h"
        -:    3:#include "rngs.h"
        -:    4:#include <stdio.h>
        -:    5:#include <math.h>
        -:    6:#include <stdlib.h>
        -:    7:
      720:    8:int compare(const void* a, const void* b) {
      720:    9:  if (*(int*)a > *(int*)b)
    #####:   10:    return 1;
      720:   11:  if (*(int*)a < *(int*)b)
      192:   12:    return -1;
      528:   13:  return 0;
        -:   14:}
        -:   15:
    #####:   16:struct gameState* newGame() {
    #####:   17:  struct gameState* g = malloc(sizeof(struct gameState));
    #####:   18:  return g;
        -:   19:}
        -:   20:
    #####:   21:int* kingdomCards(int k1, int k2, int k3, int k4, int k5, int k6, int k7,
        -:   22:		  int k8, int k9, int k10) {
    #####:   23:  int* k = malloc(10 * sizeof(int));
    #####:   24:  k[0] = k1;
    #####:   25:  k[1] = k2;
    #####:   26:  k[2] = k3;
    #####:   27:  k[3] = k4;
    #####:   28:  k[4] = k5;
    #####:   29:  k[5] = k6;
    #####:   30:  k[6] = k7;
    #####:   31:  k[7] = k8;
    #####:   32:  k[8] = k9;
    #####:   33:  k[9] = k10;
    #####:   34:  return k;
        -:   35:}
        -:   36:
       27:   37:int initializeGame(int numPlayers, int kingdomCards[10], int randomSeed,
        -:   38:		   struct gameState *state) {
        -:   39:
        -:   40:  int i;
        -:   41:  int j;
        -:   42:  int it;			
        -:   43:  //set up random number generator
       27:   44:  SelectStream(1);
       27:   45:  PutSeed((long)randomSeed);
        -:   46:  
        -:   47:  //check number of players
       27:   48:  if (numPlayers > MAX_PLAYERS || numPlayers < 2)
        -:   49:    {
        3:   50:      return -1;
        -:   51:    }
        -:   52:
        -:   53:  //set number of players
       24:   54:  state->numPlayers = numPlayers;
        -:   55:
        -:   56:  //check selected kingdom cards are different
      264:   57:  for (i = 0; i < 10; i++)
        -:   58:    {
     2640:   59:      for (j = 0; j < 10; j++)
        -:   60:        {
     2400:   61:	  if (j != i && kingdomCards[j] == kingdomCards[i])
        -:   62:	    {
    #####:   63:	      return -1;
        -:   64:	    }
        -:   65:        }
        -:   66:    }
        -:   67:
        -:   68:
        -:   69:  //initialize supply
        -:   70:  ///////////////////////////////
        -:   71:
        -:   72:  //set number of Curse cards
       24:   73:  if (numPlayers == 2)
        -:   74:    {
       24:   75:      state->supplyCount[curse] = 10;
        -:   76:    }
    #####:   77:  else if (numPlayers == 3)
        -:   78:    {
    #####:   79:      state->supplyCount[curse] = 20;
        -:   80:    }
        -:   81:  else
        -:   82:    {
    #####:   83:      state->supplyCount[curse] = 30;
        -:   84:    }
        -:   85:
        -:   86:  //set number of Victory cards
       24:   87:  if (numPlayers == 2)
        -:   88:    {
       24:   89:      state->supplyCount[estate] = 8;
       24:   90:      state->supplyCount[duchy] = 8;
       24:   91:      state->supplyCount[province] = 8;
        -:   92:    }
        -:   93:  else
        -:   94:    {
    #####:   95:      state->supplyCount[estate] = 12;
    #####:   96:      state->supplyCount[duchy] = 12;
    #####:   97:      state->supplyCount[province] = 12;
        -:   98:    }
        -:   99:
        -:  100:  //set number of Treasure cards
       24:  101:  state->supplyCount[copper] = 60 - (7 * numPlayers);
       24:  102:  state->supplyCount[silver] = 40;
       24:  103:  state->supplyCount[gold] = 30;
        -:  104:
        -:  105:  //set number of Kingdom cards
      504:  106:  for (i = adventurer; i <= treasure_map; i++)       	//loop all cards
        -:  107:    {
     4837:  108:      for (j = 0; j < 10; j++)           		//loop chosen cards
        -:  109:	{
     4459:  110:	  if (kingdomCards[j] == i)
        -:  111:	    {
        -:  112:	      //check if card is a 'Victory' Kingdom card
      102:  113:	      if (kingdomCards[j] == great_hall || kingdomCards[j] == gardens)
        -:  114:		{
        4:  115:		  if (numPlayers == 2){ 
        2:  116:		    state->supplyCount[i] = 8; 
        -:  117:		  }
    #####:  118:		  else{ state->supplyCount[i] = 12; }
        -:  119:		}
        -:  120:	      else
        -:  121:		{
      100:  122:		  state->supplyCount[i] = 10;
        -:  123:		}
      102:  124:	      break;
        -:  125:	    }
        -:  126:	  else    //card is not in the set choosen for the game
        -:  127:	    {
     4357:  128:	      state->supplyCount[i] = -1;
        -:  129:	    }
        -:  130:	}
        -:  131:
        -:  132:    }
        -:  133:
        -:  134:  ////////////////////////
        -:  135:  //supply intilization complete
        -:  136:
        -:  137:  //set player decks
       72:  138:  for (i = 0; i < numPlayers; i++)
        -:  139:    {
       48:  140:      state->deckCount[i] = 0;
      192:  141:      for (j = 0; j < 3; j++)
        -:  142:	{
      144:  143:	  state->deck[i][j] = estate;
      144:  144:	  state->deckCount[i]++;
        -:  145:	}
      384:  146:      for (j = 3; j < 10; j++)
        -:  147:	{
      336:  148:	  state->deck[i][j] = copper;
      336:  149:	  state->deckCount[i]++;		
        -:  150:	}
        -:  151:    }
        -:  152:
        -:  153:  //shuffle player decks
       72:  154:  for (i = 0; i < numPlayers; i++)
        -:  155:    {
       48:  156:      if ( shuffle(i, state) < 0 )
        -:  157:	{
    #####:  158:	  return -1;
        -:  159:	}
        -:  160:    }
        -:  161:
        -:  162:  //draw player hands
       72:  163:  for (i = 0; i < numPlayers; i++)
        -:  164:    {  
        -:  165:      //initialize hand size to zero
       48:  166:      state->handCount[i] = 0;
       48:  167:      state->discardCount[i] = 0;
        -:  168:      //draw 5 cards
        -:  169:      // for (j = 0; j < 5; j++)
        -:  170:      //	{
        -:  171:      //	  drawCard(i, state);
        -:  172:      //	}
        -:  173:    }
        -:  174:  
        -:  175:  //set embargo tokens to 0 for all supply piles
      672:  176:  for (i = 0; i <= treasure_map; i++)
        -:  177:    {
      648:  178:      state->embargoTokens[i] = 0;
        -:  179:    }
        -:  180:
        -:  181:  //initialize first player's turn
       24:  182:  state->outpostPlayed = 0;
       24:  183:  state->phase = 0;
       24:  184:  state->numActions = 1;
       24:  185:  state->numBuys = 1;
       24:  186:  state->playedCardCount = 0;
       24:  187:  state->whoseTurn = 0;
       24:  188:  state->handCount[state->whoseTurn] = 0;
        -:  189:  //int it; move to top
        -:  190:
        -:  191:  //Moved draw cards to here, only drawing at the start of a turn
      144:  192:  for (it = 0; it < 5; it++){
      120:  193:    drawCard(state->whoseTurn, state);
        -:  194:  }
        -:  195:
       24:  196:  updateCoins(state->whoseTurn, state, 0);
        -:  197:
       24:  198:  return 0;
        -:  199:}
        -:  200:
       68:  201:int shuffle(int player, struct gameState *state) {
        -:  202: 
        -:  203:
        -:  204:  int newDeck[MAX_DECK];
       68:  205:  int newDeckPos = 0;
        -:  206:  int card;
        -:  207:  int i;
        -:  208:
       68:  209:  if (state->deckCount[player] < 1)
       20:  210:    return -1;
       48:  211:  qsort ((void*)(state->deck[player]), state->deckCount[player], sizeof(int), compare); 
        -:  212:  /* SORT CARDS IN DECK TO ENSURE DETERMINISM! */
        -:  213:
      576:  214:  while (state->deckCount[player] > 0) {
      480:  215:    card = floor(Random() * state->deckCount[player]);
      480:  216:    newDeck[newDeckPos] = state->deck[player][card];
      480:  217:    newDeckPos++;
     1608:  218:    for (i = card; i < state->deckCount[player]-1; i++) {
     1128:  219:      state->deck[player][i] = state->deck[player][i+1];
        -:  220:    }
      480:  221:    state->deckCount[player]--;
        -:  222:  }
      528:  223:  for (i = 0; i < newDeckPos; i++) {
      480:  224:    state->deck[player][i] = newDeck[i];
      480:  225:    state->deckCount[player]++;
        -:  226:  }
        -:  227:
       48:  228:  return 0;
        -:  229:}
        -:  230:
    #####:  231:int playCard(int handPos, int choice1, int choice2, int choice3, struct gameState *state) 
        -:  232:{	
        -:  233:  int card;
    #####:  234:  int coin_bonus = 0; 		//tracks coins gain from actions
        -:  235:
        -:  236:  //check if it is the right phase
    #####:  237:  if (state->phase != 0)
        -:  238:    {
    #####:  239:      return -1;
        -:  240:    }
        -:  241:	
        -:  242:  //check if player has enough actions
    #####:  243:  if ( state->numActions < 1 )
        -:  244:    {
    #####:  245:      return -1;
        -:  246:    }
        -:  247:	
        -:  248:  //get card played
    #####:  249:  card = handCard(handPos, state);
        -:  250:	
        -:  251:  //check if selected card is an action
    #####:  252:  if ( card < adventurer || card > treasure_map )
        -:  253:    {
    #####:  254:      return -1;
        -:  255:    }
        -:  256:	
        -:  257:  //play card
    #####:  258:  if ( cardEffect(card, choice1, choice2, choice3, state, handPos, &coin_bonus) < 0 )
        -:  259:    {
    #####:  260:      return -1;
        -:  261:    }
        -:  262:	
        -:  263:  //reduce number of actions
    #####:  264:  state->numActions--;
        -:  265:
        -:  266:  //update coins (Treasure cards may be added with card draws)
    #####:  267:  updateCoins(state->whoseTurn, state, coin_bonus);
        -:  268:	
    #####:  269:  return 0;
        -:  270:}
        -:  271:
    #####:  272:int buyCard(int supplyPos, struct gameState *state) {
        -:  273:  int who;
        -:  274:  if (DEBUG){
        -:  275:    printf("Entering buyCard...\n");
        -:  276:  }
        -:  277:
        -:  278:  // I don't know what to do about the phase thing.
        -:  279:
    #####:  280:  who = state->whoseTurn;
        -:  281:
    #####:  282:  if (state->numBuys < 1){
        -:  283:    if (DEBUG)
        -:  284:      printf("You do not have any buys left\n");
    #####:  285:    return -1;
    #####:  286:  } else if (supplyCount(supplyPos, state) <1){
        -:  287:    if (DEBUG)
        -:  288:      printf("There are not any of that type of card left\n");
    #####:  289:    return -1;
    #####:  290:  } else if (state->coins < getCost(supplyPos)){
        -:  291:    if (DEBUG) 
        -:  292:      printf("You do not have enough money to buy that. You have %d coins.\n", state->coins);
    #####:  293:    return -1;
        -:  294:  } else {
    #####:  295:    state->phase=1;
        -:  296:    //state->supplyCount[supplyPos]--;
    #####:  297:    gainCard(supplyPos, state, 0, who); //card goes in discard, this might be wrong.. (2 means goes into hand, 0 goes into discard)
        -:  298:  
    #####:  299:    state->coins = (state->coins) - (getCost(supplyPos));
    #####:  300:    state->numBuys--;
        -:  301:    if (DEBUG)
        -:  302:      printf("You bought card number %d for %d coins. You now have %d buys and %d coins.\n", supplyPos, getCost(supplyPos), state->numBuys, state->coins);
        -:  303:  }
        -:  304:
        -:  305:  //state->discard[who][state->discardCount[who]] = supplyPos;
        -:  306:  //state->discardCount[who]++;
        -:  307:    
    #####:  308:  return 0;
        -:  309:}
        -:  310:
    #####:  311:int numHandCards(struct gameState *state) {
    #####:  312:  return state->handCount[ whoseTurn(state) ];
        -:  313:}
        -:  314:
    #####:  315:int handCard(int handPos, struct gameState *state) {
    #####:  316:  int currentPlayer = whoseTurn(state);
    #####:  317:  return state->hand[currentPlayer][handPos];
        -:  318:}
        -:  319:
    #####:  320:int supplyCount(int card, struct gameState *state) {
    #####:  321:  return state->supplyCount[card];
        -:  322:}
        -:  323:
    #####:  324:int fullDeckCount(int player, int card, struct gameState *state) {
        -:  325:  int i;
    #####:  326:  int count = 0;
        -:  327:
    #####:  328:  for (i = 0; i < state->deckCount[player]; i++)
        -:  329:    {
    #####:  330:      if (state->deck[player][i] == card) count++;
        -:  331:    }
        -:  332:
    #####:  333:  for (i = 0; i < state->handCount[player]; i++)
        -:  334:    {
    #####:  335:      if (state->hand[player][i] == card) count++;
        -:  336:    }
        -:  337:
    #####:  338:  for (i = 0; i < state->discardCount[player]; i++)
        -:  339:    {
    #####:  340:      if (state->discard[player][i] == card) count++;
        -:  341:    }
        -:  342:
    #####:  343:  return count;
        -:  344:}
        -:  345:
    #####:  346:int whoseTurn(struct gameState *state) {
    #####:  347:  return state->whoseTurn;
        -:  348:}
        -:  349:
    #####:  350:int endTurn(struct gameState *state) {
        -:  351:  int k;
        -:  352:  int i;
    #####:  353:  int currentPlayer = whoseTurn(state);
        -:  354:  
        -:  355:  //Discard hand
    #####:  356:  for (i = 0; i < state->handCount[currentPlayer]; i++){
    #####:  357:    state->discard[currentPlayer][state->discardCount[currentPlayer]++] = state->hand[currentPlayer][i];//Discard
    #####:  358:    state->hand[currentPlayer][i] = -1;//Set card to -1
        -:  359:  }
    #####:  360:  state->handCount[currentPlayer] = 0;//Reset hand count
        -:  361:    
        -:  362:  //Code for determining the player
    #####:  363:  if (currentPlayer < (state->numPlayers - 1)){ 
    #####:  364:    state->whoseTurn = currentPlayer + 1;//Still safe to increment
        -:  365:  }
        -:  366:  else{
    #####:  367:    state->whoseTurn = 0;//Max player has been reached, loop back around to player 1
        -:  368:  }
        -:  369:
    #####:  370:  state->outpostPlayed = 0;
    #####:  371:  state->phase = 0;
    #####:  372:  state->numActions = 1;
    #####:  373:  state->coins = 0;
    #####:  374:  state->numBuys = 1;
    #####:  375:  state->playedCardCount = 0;
    #####:  376:  state->handCount[state->whoseTurn] = 0;
        -:  377:
        -:  378:  //int k; move to top
        -:  379:  //Next player draws hand
    #####:  380:  for (k = 0; k < 5; k++){
    #####:  381:    drawCard(state->whoseTurn, state);//Draw a card
        -:  382:  }
        -:  383:
        -:  384:  //Update money
    #####:  385:  updateCoins(state->whoseTurn, state , 0);
        -:  386:
    #####:  387:  return 0;
        -:  388:}
        -:  389:
    #####:  390:int isGameOver(struct gameState *state) {
        -:  391:  int i;
        -:  392:  int j;
        -:  393:	
        -:  394:  //if stack of Province cards is empty, the game ends
    #####:  395:  if (state->supplyCount[province] == 0)
        -:  396:    {
    #####:  397:      return 1;
        -:  398:    }
        -:  399:
        -:  400:  //if three supply pile are at 0, the game ends
    #####:  401:  j = 0;
    #####:  402:  for (i = 0; i < 25; i++)
        -:  403:    {
    #####:  404:      if (state->supplyCount[i] == 0)
        -:  405:	{
    #####:  406:	  j++;
        -:  407:	}
        -:  408:    }
    #####:  409:  if ( j >= 3)
        -:  410:    {
    #####:  411:      return 1;
        -:  412:    }
        -:  413:
    #####:  414:  return 0;
        -:  415:}
        -:  416:
    #####:  417:int scoreFor (int player, struct gameState *state) {
        -:  418:
        -:  419:  int i;
    #####:  420:  int score = 0;
        -:  421:  //score from hand
    #####:  422:  for (i = 0; i < state->handCount[player]; i++)
        -:  423:    {
    #####:  424:      if (state->hand[player][i] == curse) { score = score - 1; };
    #####:  425:      if (state->hand[player][i] == estate) { score = score + 1; };
    #####:  426:      if (state->hand[player][i] == duchy) { score = score + 3; };
    #####:  427:      if (state->hand[player][i] == province) { score = score + 6; };
    #####:  428:      if (state->hand[player][i] == great_hall) { score = score + 1; };
    #####:  429:      if (state->hand[player][i] == gardens) { score = score + ( fullDeckCount(player, 0, state) / 10 ); };
        -:  430:    }
        -:  431:
        -:  432:  //score from discard
    #####:  433:  for (i = 0; i < state->discardCount[player]; i++)
        -:  434:    {
    #####:  435:      if (state->discard[player][i] == curse) { score = score - 1; };
    #####:  436:      if (state->discard[player][i] == estate) { score = score + 1; };
    #####:  437:      if (state->discard[player][i] == duchy) { score = score + 3; };
    #####:  438:      if (state->discard[player][i] == province) { score = score + 6; };
    #####:  439:      if (state->discard[player][i] == great_hall) { score = score + 1; };
    #####:  440:      if (state->discard[player][i] == gardens) { score = score + ( fullDeckCount(player, 0, state) / 10 ); };
        -:  441:    }
        -:  442:
        -:  443:  //score from deck
    #####:  444:  for (i = 0; i < state->discardCount[player]; i++)
        -:  445:    {
    #####:  446:      if (state->deck[player][i] == curse) { score = score - 1; };
    #####:  447:      if (state->deck[player][i] == estate) { score = score + 1; };
    #####:  448:      if (state->deck[player][i] == duchy) { score = score + 3; };
    #####:  449:      if (state->deck[player][i] == province) { score = score + 6; };
    #####:  450:      if (state->deck[player][i] == great_hall) { score = score + 1; };
    #####:  451:      if (state->deck[player][i] == gardens) { score = score + ( fullDeckCount(player, 0, state) / 10 ); };
        -:  452:    }
        -:  453:
    #####:  454:  return score;
        -:  455:}
        -:  456:
    #####:  457:int getWinners(int players[MAX_PLAYERS], struct gameState *state) {
        -:  458:  int i;	
        -:  459:  int j;
        -:  460:  int highScore;
        -:  461:  int currentPlayer;
        -:  462:
        -:  463:  //get score for each player
    #####:  464:  for (i = 0; i < MAX_PLAYERS; i++)
        -:  465:    {
        -:  466:      //set unused player scores to -9999
    #####:  467:      if (i >= state->numPlayers)
        -:  468:	{
    #####:  469:	  players[i] = -9999;
        -:  470:	}
        -:  471:      else
        -:  472:	{
    #####:  473:	  players[i] = scoreFor (i, state);
        -:  474:	}
        -:  475:    }
        -:  476:
        -:  477:  //find highest score
    #####:  478:  j = 0;
    #####:  479:  for (i = 0; i < MAX_PLAYERS; i++)
        -:  480:    {
    #####:  481:      if (players[i] > players[j])
        -:  482:	{
    #####:  483:	  j = i;
        -:  484:	}
        -:  485:    }
    #####:  486:  highScore = players[j];
        -:  487:
        -:  488:  //add 1 to players who had less turns
    #####:  489:  currentPlayer = whoseTurn(state);
    #####:  490:  for (i = 0; i < MAX_PLAYERS; i++)
        -:  491:    {
    #####:  492:      if ( players[i] == highScore && i > currentPlayer )
        -:  493:	{
    #####:  494:	  players[i]++;
        -:  495:	}
        -:  496:    }
        -:  497:
        -:  498:  //find new highest score
    #####:  499:  j = 0;
    #####:  500:  for (i = 0; i < MAX_PLAYERS; i++)
        -:  501:    {
    #####:  502:      if ( players[i] > players[j] )
        -:  503:	{
    #####:  504:	  j = i;
        -:  505:	}
        -:  506:    }
    #####:  507:  highScore = players[j];
        -:  508:
        -:  509:  //set winners in array to 1 and rest to 0
    #####:  510:  for (i = 0; i < MAX_PLAYERS; i++)
        -:  511:    {
    #####:  512:      if ( players[i] == highScore )
        -:  513:	{
    #####:  514:	  players[i] = 1;
        -:  515:	}
        -:  516:      else
        -:  517:	{
    #####:  518:	  players[i] = 0;
        -:  519:	}
        -:  520:    }
        -:  521:
    #####:  522:  return 0;
        -:  523:}
        -:  524:
      214:  525:int drawCard(int player, struct gameState *state)
        -:  526:{	int count;
        -:  527:  int deckCounter;
      214:  528:  if (state->deckCount[player] <= 0){//Deck is empty
        -:  529:    
        -:  530:    //Step 1 Shuffle the discard pile back into a deck
        -:  531:    int i;
        -:  532:    //Move discard to deck
     6019:  533:    for (i = 0; i < state->discardCount[player];i++){
     6003:  534:      state->deck[player][i] = state->discard[player][i];
     6003:  535:      state->discard[player][i] = -1;
        -:  536:    }
        -:  537:
       16:  538:    state->deckCount[player] = state->discardCount[player];
       16:  539:    state->discardCount[player] = 0;//Reset discard
        -:  540:
        -:  541:    //Shufffle the deck
       16:  542:    shuffle(player, state);//Shuffle the deck up and make it so that we can draw
        -:  543:   
        -:  544:    if (DEBUG){//Debug statements
        -:  545:      printf("Deck count now: %d\n", state->deckCount[player]);
        -:  546:    }
        -:  547:    
       16:  548:    state->discardCount[player] = 0;
        -:  549:
        -:  550:    //Step 2 Draw Card
       16:  551:    count = state->handCount[player];//Get current player's hand count
        -:  552:    
        -:  553:    if (DEBUG){//Debug statements
        -:  554:      printf("Current hand count: %d\n", count);
        -:  555:    }
        -:  556:    
       16:  557:    deckCounter = state->deckCount[player];//Create a holder for the deck count
        -:  558:
       16:  559:    if (deckCounter == 0)
       13:  560:      return -1;
        -:  561:
        3:  562:    state->hand[player][count] = state->deck[player][deckCounter - 1];//Add card to hand
        3:  563:    state->deckCount[player]--;
        3:  564:    state->handCount[player]++;//Increment hand count
        -:  565:  }
        -:  566:
        -:  567:  else{
      198:  568:    int count = state->handCount[player];//Get current hand count for player
        -:  569:    int deckCounter;
        -:  570:    if (DEBUG){//Debug statements
        -:  571:      printf("Current hand count: %d\n", count);
        -:  572:    }
        -:  573:
      198:  574:    deckCounter = state->deckCount[player];//Create holder for the deck count
      198:  575:    state->hand[player][count] = state->deck[player][deckCounter - 1];//Add card to the hand
      198:  576:    state->deckCount[player]--;
      198:  577:    state->handCount[player]++;//Increment hand count
        -:  578:  }
        -:  579:
      201:  580:  return 0;
        -:  581:}
        -:  582:
      162:  583:int getCost(int cardNumber)
        -:  584:{
      162:  585:  switch( cardNumber ) 
        -:  586:    {
        -:  587:    case curse:
        6:  588:      return 0;
        -:  589:    case estate:
        6:  590:      return 2;
        -:  591:    case duchy:
        6:  592:      return 5;
        -:  593:    case province:
        6:  594:      return 8;
        -:  595:    case copper:
        6:  596:      return 0;
        -:  597:    case silver:
        6:  598:      return 3;
        -:  599:    case gold:
        6:  600:      return 6;
        -:  601:    case adventurer:
        6:  602:      return 6;
        -:  603:    case council_room:
        6:  604:      return 5;
        -:  605:    case feast:
        6:  606:      return 4;
        -:  607:    case gardens:
        6:  608:      return 4;
        -:  609:    case mine:
        6:  610:      return 5;
        -:  611:    case remodel:
        6:  612:      return 4;
        -:  613:    case smithy:
        6:  614:      return 4;
        -:  615:    case village:
        6:  616:      return 3;
        -:  617:    case baron:
        6:  618:      return 4;
        -:  619:    case great_hall:
        6:  620:      return 3;
        -:  621:    case minion:
        6:  622:      return 5;
        -:  623:    case steward:
        6:  624:      return 3;
        -:  625:    case tribute:
        6:  626:      return 5;
        -:  627:    case ambassador:
        6:  628:      return 3;
        -:  629:    case cutpurse:
        6:  630:      return 4;
        -:  631:    case embargo: 
        6:  632:      return 2;
        -:  633:    case outpost:
        6:  634:      return 5;
        -:  635:    case salvager:
        6:  636:      return 4;
        -:  637:    case sea_hag:
        6:  638:      return 4;
        -:  639:    case treasure_map:
        6:  640:      return 4;
        -:  641:    }
        -:  642:	
    #####:  643:  return -1;
        -:  644:}
        -:  645:
    #####:  646:int cardEffect(int card, int choice1, int choice2, int choice3, struct gameState *state, int handPos, int *bonus)
        -:  647:{
        -:  648:  int i;
        -:  649:  int j;
        -:  650:  int k;
        -:  651:  int x;
        -:  652:  int index;
    #####:  653:  int currentPlayer = whoseTurn(state);
    #####:  654:  int nextPlayer = currentPlayer + 1;
        -:  655:
    #####:  656:  int tributeRevealedCards[2] = {-1, -1};
        -:  657:  int temphand[MAX_HAND];// moved above the if statement
    #####:  658:  int drawntreasure=0;
        -:  659:  int cardDrawn;
    #####:  660:  int z = 0;// this is the counter for the temp hand
    #####:  661:  if (nextPlayer > (state->numPlayers - 1)){
    #####:  662:    nextPlayer = 0;
        -:  663:  }
        -:  664:  
        -:  665:	
        -:  666:  //uses switch to select card and perform actions
    #####:  667:  switch( card ) 
        -:  668:    {
        -:  669:    case adventurer:
        -:  670:	
    #####:  671:	useAdventurer(drawntreasure, currentPlayer, state, cardDrawn, temphand, z);
        -:  672:	
        -:  673:	/*** Moved to separate function ***
        -:  674:	
        -:  675:      while(drawntreasure<2){
        -:  676:	if (state->deckCount[currentPlayer] <1){//if the deck is empty we need to shuffle discard and add to deck
        -:  677:	  shuffle(currentPlayer, state);
        -:  678:	}
        -:  679:	drawCard(currentPlayer, state);
        -:  680:	cardDrawn = state->hand[currentPlayer][state->handCount[currentPlayer]-1];//top card of hand is most recently drawn card.
        -:  681:	if (cardDrawn == copper || cardDrawn == silver || cardDrawn == gold)
        -:  682:	  drawntreasure++;
        -:  683:	else{
        -:  684:	  temphand[z]=cardDrawn;
        -:  685:	  state->handCount[currentPlayer]--; //this should just remove the top card (the most recently drawn one).
        -:  686:	  z++;
        -:  687:	}
        -:  688:      }
        -:  689:      while(z-1>=0){
        -:  690:	state->discard[currentPlayer][state->discardCount[currentPlayer]++]=temphand[z-1]; // discard all cards in play that have been drawn
        -:  691:	z=z-1;
        -:  692:      }
        -:  693:	  
        -:  694:	  */
        -:  695:	  
        -:  696:	  
        -:  697:	  
    #####:  698:      return 0;
        -:  699:			
        -:  700:    case council_room:
        -:  701:	
        -:  702:	/*** Moved to separate function ***
        -:  703:      //+4 Cards
        -:  704:	  //MY BUG - should be 4 not 3.
        -:  705:      for (i = 0; i < 3; i++)
        -:  706:	{
        -:  707:	  drawCard(currentPlayer, state);
        -:  708:	}
        -:  709:			
        -:  710:      //+1 Buy
        -:  711:      state->numBuys++;
        -:  712:			
        -:  713:      //Each other player draws a card
        -:  714:      for (i = 0; i < state->numPlayers; i++)
        -:  715:	{
        -:  716:	  if ( i != currentPlayer )
        -:  717:	    {
        -:  718:	      drawCard(i, state);
        -:  719:	    }
        -:  720:	}
        -:  721:			
        -:  722:	*/
        -:  723:	
    #####:  724:	useCouncilRoom(currentPlayer, state);
        -:  725:			
        -:  726:      //put played card in played card pile
    #####:  727:      discardCard(handPos, currentPlayer, state, 0);
        -:  728:			
    #####:  729:      return 0;
        -:  730:			
        -:  731:    case feast:
        -:  732:      //gain card with cost up to 5
        -:  733:      //Backup hand
    #####:  734:      for (i = 0; i <= state->handCount[currentPlayer]; i++){
    #####:  735:	temphand[i] = state->hand[currentPlayer][i];//Backup card
    #####:  736:	state->hand[currentPlayer][i] = -1;//Set to nothing
        -:  737:      }
        -:  738:      //Backup hand
        -:  739:
        -:  740:      //Update Coins for Buy
    #####:  741:      updateCoins(currentPlayer, state, 5);
    #####:  742:      x = 1;//Condition to loop on
    #####:  743:      while( x == 1) {//Buy one card
    #####:  744:	if (supplyCount(choice1, state) <= 0){
        -:  745:	  if (DEBUG)
        -:  746:	    printf("None of that card left, sorry!\n");
        -:  747:
        -:  748:	  if (DEBUG){
        -:  749:	    printf("Cards Left: %d\n", supplyCount(choice1, state));
        -:  750:	  }
        -:  751:	}
    #####:  752:	else if (state->coins < getCost(choice1)){
    #####:  753:	  printf("That card is too expensive!\n");
        -:  754:
        -:  755:	  if (DEBUG){
        -:  756:	    printf("Coins: %d < %d\n", state->coins, getCost(choice1));
        -:  757:	  }
        -:  758:	}
        -:  759:	else{
        -:  760:
        -:  761:	  if (DEBUG){
        -:  762:	    printf("Deck Count: %d\n", state->handCount[currentPlayer] + state->deckCount[currentPlayer] + state->discardCount[currentPlayer]);
        -:  763:	  }
        -:  764:
    #####:  765:	  gainCard(choice1, state, 0, currentPlayer);//Gain the card
    #####:  766:	  x = 0;//No more buying cards
        -:  767:
        -:  768:	  if (DEBUG){
        -:  769:	    printf("Deck Count: %d\n", state->handCount[currentPlayer] + state->deckCount[currentPlayer] + state->discardCount[currentPlayer]);
        -:  770:	  }
        -:  771:
        -:  772:	}
        -:  773:      }     
        -:  774:
        -:  775:      //Reset Hand
    #####:  776:      for (i = 0; i <= state->handCount[currentPlayer]; i++){
    #####:  777:	state->hand[currentPlayer][i] = temphand[i];
    #####:  778:	temphand[i] = -1;
        -:  779:      }
        -:  780:      //Reset Hand
        -:  781:      			
    #####:  782:      return 0;
        -:  783:			
        -:  784:    case gardens:
    #####:  785:      return -1;
        -:  786:			
        -:  787:    case mine:
    #####:  788:      j = state->hand[currentPlayer][choice1];  //store card we will trash
        -:  789:
    #####:  790:      if (state->hand[currentPlayer][choice1] < copper || state->hand[currentPlayer][choice1] > gold)
        -:  791:	{
    #####:  792:	  return -1;
        -:  793:	}
        -:  794:		
    #####:  795:      if (choice2 > treasure_map || choice2 < curse)
        -:  796:	{
    #####:  797:	  return -1;
        -:  798:	}
        -:  799:
    #####:  800:      if ( (getCost(state->hand[currentPlayer][choice1]) + 3) > getCost(choice2) )
        -:  801:	{
    #####:  802:	  return -1;
        -:  803:	}
        -:  804:
    #####:  805:      gainCard(choice2, state, 2, currentPlayer);
        -:  806:
        -:  807:      //discard card from hand
    #####:  808:      discardCard(handPos, currentPlayer, state, 0);
        -:  809:
        -:  810:      //discard trashed card
    #####:  811:      for (i = 0; i < state->handCount[currentPlayer]; i++)
        -:  812:	{
    #####:  813:	  if (state->hand[currentPlayer][i] == j)
        -:  814:	    {
    #####:  815:	      discardCard(i, currentPlayer, state, 0);			
    #####:  816:	      break;
        -:  817:	    }
        -:  818:	}
        -:  819:			
    #####:  820:      return 0;
        -:  821:			
        -:  822:    case remodel:
    #####:  823:      j = state->hand[currentPlayer][choice1];  //store card we will trash
        -:  824:
    #####:  825:      if ( (getCost(state->hand[currentPlayer][choice1]) + 2) > getCost(choice2) )
        -:  826:	{
    #####:  827:	  return -1;
        -:  828:	}
        -:  829:
    #####:  830:      gainCard(choice2, state, 0, currentPlayer);
        -:  831:
        -:  832:      //discard card from hand
    #####:  833:      discardCard(handPos, currentPlayer, state, 0);
        -:  834:
        -:  835:      //discard trashed card
    #####:  836:      for (i = 0; i < state->handCount[currentPlayer]; i++)
        -:  837:	{
    #####:  838:	  if (state->hand[currentPlayer][i] == j)
        -:  839:	    {
    #####:  840:	      discardCard(i, currentPlayer, state, 0);			
    #####:  841:	      break;
        -:  842:	    }
        -:  843:	}
        -:  844:
        -:  845:
    #####:  846:      return 0;
        -:  847:		
        -:  848:    case smithy:
        -:  849:      //+3 Cards
        -:  850:	  
        -:  851:	  /***Moved to separate function***
        -:  852:	  
        -:  853:      for (i = 0; i < 3; i++)
        -:  854:	{
        -:  855:	  drawCard(currentPlayer, state);
        -:  856:	}
        -:  857:	
        -:  858:	*/
        -:  859:	
    #####:  860:		useSmithy(currentPlayer, state);
        -:  861:    
        -:  862:		//discard card from hand
    #####:  863:      discardCard(handPos, currentPlayer, state, 0);
        -:  864:	  
    #####:  865:      return 0;
        -:  866:		
        -:  867:    case village:
        -:  868:	
        -:  869:	/*** Moved to separate function ***
        -:  870:	
        -:  871:      //+1 Card
        -:  872:      drawCard(currentPlayer, state);
        -:  873:			
        -:  874:      //+2 Actions
        -:  875:      state->numActions = state->numActions + 2;
        -:  876:		
        -:  877:	*/
        -:  878:	
    #####:  879:	useVillage(currentPlayer, state);
        -:  880:	
        -:  881:	      //discard played card from hand
    #####:  882:      discardCard(handPos, currentPlayer, state, 0);
        -:  883:
    #####:  884:	return 0;
        -:  885:		
        -:  886:    case baron:
    #####:  887:      state->numBuys++;//Increase buys by 1!
    #####:  888:      if (choice1 > 0){//Boolean true or going to discard an estate
    #####:  889:	int p = 0;//Iterator for hand!
    #####:  890:	int card_not_discarded = 1;//Flag for discard set!
    #####:  891:	while(card_not_discarded){
    #####:  892:	  if (state->hand[currentPlayer][p] == estate){//Found an estate card!
    #####:  893:	    state->coins += 4;//Add 4 coins to the amount of coins
    #####:  894:	    state->discard[currentPlayer][state->discardCount[currentPlayer]] = state->hand[currentPlayer][p];
    #####:  895:	    state->discardCount[currentPlayer]++;
    #####:  896:	    for (;p < state->handCount[currentPlayer]; p++){
    #####:  897:	      state->hand[currentPlayer][p] = state->hand[currentPlayer][p+1];
        -:  898:	    }
    #####:  899:	    state->hand[currentPlayer][state->handCount[currentPlayer]] = -1;
    #####:  900:	    state->handCount[currentPlayer]--;
    #####:  901:	    card_not_discarded = 0;//Exit the loop
        -:  902:	  }
    #####:  903:	  else if (p > state->handCount[currentPlayer]){
        -:  904:	    if(DEBUG) {
        -:  905:	      printf("No estate cards in your hand, invalid choice\n");
        -:  906:	      printf("Must gain an estate if there are any\n");
        -:  907:	    }
    #####:  908:	    if (supplyCount(estate, state) > 0){
    #####:  909:	      gainCard(estate, state, 0, currentPlayer);
    #####:  910:	      state->supplyCount[estate]--;//Decrement estates
    #####:  911:	      if (supplyCount(estate, state) == 0){
    #####:  912:		isGameOver(state);
        -:  913:	      }
        -:  914:	    }
    #####:  915:	    card_not_discarded = 0;//Exit the loop
        -:  916:	  }
        -:  917:			    
        -:  918:	  else{
    #####:  919:	    p++;//Next card
        -:  920:	  }
        -:  921:	}
        -:  922:      }
        -:  923:			    
        -:  924:      else{
    #####:  925:	if (supplyCount(estate, state) > 0){
    #####:  926:	  gainCard(estate, state, 0, currentPlayer);//Gain an estate
    #####:  927:	  state->supplyCount[estate]--;//Decrement Estates
    #####:  928:	  if (supplyCount(estate, state) == 0){
    #####:  929:	    isGameOver(state);
        -:  930:	  }
        -:  931:	}
        -:  932:      }
        -:  933:	    
        -:  934:      
    #####:  935:      return 0;
        -:  936:		
        -:  937:    case great_hall:
        -:  938:	
        -:  939:	/*** Moved to separate function ***
        -:  940:      //+1 Card
        -:  941:	  //MY BUG - This should not be commented out.
        -:  942:      //drawCard(currentPlayer, state);
        -:  943:			
        -:  944:      //+1 Actions
        -:  945:      state->numActions++;
        -:  946:			
        -:  947:			
        -:  948:	*/
        -:  949:	
    #####:  950:	useGreatHall(currentPlayer, state);
        -:  951:	
        -:  952:      //discard card from hand
    #####:  953:      discardCard(handPos, currentPlayer, state, 0);
    #####:  954:      return 0;
        -:  955:		
        -:  956:    case minion:
        -:  957:      //+1 action
    #####:  958:      state->numActions++;
        -:  959:			
        -:  960:      //discard card from hand
    #####:  961:      discardCard(handPos, currentPlayer, state, 0);
        -:  962:			
    #####:  963:      if (choice1)		//+2 coins
        -:  964:	{
    #####:  965:	  state->coins = state->coins + 2;
        -:  966:	}
        -:  967:			
    #####:  968:      else if (choice2)		//discard hand, redraw 4, other players with 5+ cards discard hand and draw 4
        -:  969:	{
        -:  970:	  //discard hand
    #####:  971:	  while(numHandCards(state) > 0)
        -:  972:	    {
    #####:  973:	      discardCard(handPos, currentPlayer, state, 0);
        -:  974:	    }
        -:  975:				
        -:  976:	  //draw 4
    #####:  977:	  for (i = 0; i < 4; i++)
        -:  978:	    {
    #####:  979:	      drawCard(currentPlayer, state);
        -:  980:	    }
        -:  981:				
        -:  982:	  //other players discard hand and redraw if hand size > 4
    #####:  983:	  for (i = 0; i < state->numPlayers; i++)
        -:  984:	    {
    #####:  985:	      if (i != currentPlayer)
        -:  986:		{
    #####:  987:		  if ( state->handCount[i] > 4 )
        -:  988:		    {
        -:  989:		      //discard hand
    #####:  990:		      while( state->handCount[i] > 0 )
        -:  991:			{
    #####:  992:			  discardCard(handPos, i, state, 0);
        -:  993:			}
        -:  994:							
        -:  995:		      //draw 4
    #####:  996:		      for (j = 0; j < 4; j++)
        -:  997:			{
    #####:  998:			  drawCard(i, state);
        -:  999:			}
        -: 1000:		    }
        -: 1001:		}
        -: 1002:	    }
        -: 1003:				
        -: 1004:	}
    #####: 1005:      return 0;
        -: 1006:		
        -: 1007:    case steward:
    #####: 1008:      if (choice1 == 1)
        -: 1009:	{
        -: 1010:	  //+2 cards
    #####: 1011:	  drawCard(currentPlayer, state);
    #####: 1012:	  drawCard(currentPlayer, state);
        -: 1013:	}
    #####: 1014:      else if (choice1 == 2)
        -: 1015:	{
        -: 1016:	  //+2 coins
    #####: 1017:	  state->coins = state->coins + 2;
        -: 1018:	}
        -: 1019:      else
        -: 1020:	{
        -: 1021:	  //trash 2 cards in hand
    #####: 1022:	  discardCard(choice2, currentPlayer, state, 1);
    #####: 1023:	  discardCard(choice3, currentPlayer, state, 1);
        -: 1024:	}
        -: 1025:			
        -: 1026:      //discard card from hand
    #####: 1027:      discardCard(handPos, currentPlayer, state, 0);
    #####: 1028:      return 0;
        -: 1029:		
        -: 1030:    case tribute:
    #####: 1031:      if ((state->discardCount[nextPlayer] + state->deckCount[nextPlayer]) <= 1){
    #####: 1032:	if (state->deckCount[nextPlayer] > 0){
    #####: 1033:	  tributeRevealedCards[0] = state->deck[nextPlayer][state->deckCount[nextPlayer]-1];
    #####: 1034:	  state->deckCount[nextPlayer]--;
        -: 1035:	}
    #####: 1036:	else if (state->discardCount[nextPlayer] > 0){
    #####: 1037:	  tributeRevealedCards[0] = state->discard[nextPlayer][state->discardCount[nextPlayer]-1];
    #####: 1038:	  state->discardCount[nextPlayer]--;
        -: 1039:	}
        -: 1040:	else{
        -: 1041:	  //No Card to Reveal
        -: 1042:	  if (DEBUG){
        -: 1043:	    printf("No cards to reveal\n");
        -: 1044:	  }
        -: 1045:	}
        -: 1046:      }
        -: 1047:	    
        -: 1048:      else{
    #####: 1049:	if (state->deckCount[nextPlayer] == 0){
    #####: 1050:	  for (i = 0; i < state->discardCount[nextPlayer]; i++){
    #####: 1051:	    state->deck[nextPlayer][i] = state->discard[nextPlayer][i];//Move to deck
    #####: 1052:	    state->deckCount[nextPlayer]++;
    #####: 1053:	    state->discard[nextPlayer][i] = -1;
    #####: 1054:	    state->discardCount[nextPlayer]--;
        -: 1055:	  }
        -: 1056:			    
    #####: 1057:	  shuffle(nextPlayer,state);//Shuffle the deck
        -: 1058:	} 
    #####: 1059:	tributeRevealedCards[0] = state->deck[nextPlayer][state->deckCount[nextPlayer]-1];
    #####: 1060:	state->deck[nextPlayer][state->deckCount[nextPlayer]--] = -1;
    #####: 1061:	state->deckCount[nextPlayer]--;
    #####: 1062:	tributeRevealedCards[1] = state->deck[nextPlayer][state->deckCount[nextPlayer]-1];
    #####: 1063:	state->deck[nextPlayer][state->deckCount[nextPlayer]--] = -1;
    #####: 1064:	state->deckCount[nextPlayer]--;
        -: 1065:      }    
        -: 1066:		       
    #####: 1067:      if (tributeRevealedCards[0] == tributeRevealedCards[1]){//If we have a duplicate card, just drop one 
    #####: 1068:	state->playedCards[state->playedCardCount] = tributeRevealedCards[1];
    #####: 1069:	state->playedCardCount++;
    #####: 1070:	tributeRevealedCards[1] = -1;
        -: 1071:      }
        -: 1072:
    #####: 1073:      for (i = 0; i <= 2; i ++){
    #####: 1074:	if (tributeRevealedCards[i] == copper || tributeRevealedCards[i] == silver || tributeRevealedCards[i] == gold){//Treasure cards
    #####: 1075:	  state->coins += 2;
        -: 1076:	}
        -: 1077:		    
    #####: 1078:	else if (tributeRevealedCards[i] == estate || tributeRevealedCards[i] == duchy || tributeRevealedCards[i] == province || tributeRevealedCards[i] == gardens || tributeRevealedCards[i] == great_hall){//Victory Card Found
    #####: 1079:	  drawCard(currentPlayer, state);
    #####: 1080:	  drawCard(currentPlayer, state);
        -: 1081:	}
        -: 1082:	else{//Action Card
    #####: 1083:	  state->numActions = state->numActions + 2;
        -: 1084:	}
        -: 1085:      }
        -: 1086:	    
    #####: 1087:      return 0;
        -: 1088:		
        -: 1089:    case ambassador:
    #####: 1090:      j = 0;		//used to check if player has enough cards to discard
        -: 1091:
    #####: 1092:      if (choice2 > 2 || choice2 < 0)
        -: 1093:	{
    #####: 1094:	  return -1;				
        -: 1095:	}
        -: 1096:
    #####: 1097:      if (choice1 == handPos)
        -: 1098:	{
    #####: 1099:	  return -1;
        -: 1100:	}
        -: 1101:
    #####: 1102:      for (i = 0; i < state->handCount[currentPlayer]; i++)
        -: 1103:	{
    #####: 1104:	  if (i != handPos && i == state->hand[currentPlayer][choice1] && i != choice1)
        -: 1105:	    {
    #####: 1106:	      j++;
        -: 1107:	    }
        -: 1108:	}
    #####: 1109:      if (j < choice2)
        -: 1110:	{
    #####: 1111:	  return -1;				
        -: 1112:	}
        -: 1113:
        -: 1114:      if (DEBUG) 
        -: 1115:	printf("Player %d reveals card number: %d\n", currentPlayer, state->hand[currentPlayer][choice1]);
        -: 1116:
        -: 1117:      //increase supply count for choosen card by amount being discarded
    #####: 1118:      state->supplyCount[state->hand[currentPlayer][choice1]] += choice2;
        -: 1119:			
        -: 1120:      //each other player gains a copy of revealed card
    #####: 1121:      for (i = 0; i < state->numPlayers; i++)
        -: 1122:	{
    #####: 1123:	  if (i != currentPlayer)
        -: 1124:	    {
    #####: 1125:	      gainCard(state->hand[currentPlayer][choice1], state, 0, i);
        -: 1126:	    }
        -: 1127:	}
        -: 1128:
        -: 1129:      //discard played card from hand
    #####: 1130:      discardCard(handPos, currentPlayer, state, 0);			
        -: 1131:
        -: 1132:      //trash copies of cards returned to supply
    #####: 1133:      for (j = 0; j < choice2; j++)
        -: 1134:	{
    #####: 1135:	  for (i = 0; i < state->handCount[currentPlayer]; i++)
        -: 1136:	    {
    #####: 1137:	      if (state->hand[currentPlayer][i] == state->hand[currentPlayer][choice1])
        -: 1138:		{
    #####: 1139:		  discardCard(i, currentPlayer, state, 1);
    #####: 1140:		  break;
        -: 1141:		}
        -: 1142:	    }
        -: 1143:	}			
        -: 1144:
    #####: 1145:      return 0;
        -: 1146:		
        -: 1147:    case cutpurse:
        -: 1148:
    #####: 1149:      updateCoins(currentPlayer, state, 2);
    #####: 1150:      for (i = 0; i < state->numPlayers; i++)
        -: 1151:	{
    #####: 1152:	  if (i != currentPlayer)
        -: 1153:	    {
    #####: 1154:	      for (j = 0; j < state->handCount[i]; j++)
        -: 1155:		{
    #####: 1156:		  if (state->hand[i][j] == copper)
        -: 1157:		    {
    #####: 1158:		      discardCard(j, i, state, 0);
    #####: 1159:		      break;
        -: 1160:		    }
    #####: 1161:		  if (j == state->handCount[i])
        -: 1162:		    {
    #####: 1163:		      for (k = 0; k < state->handCount[i]; k++)
        -: 1164:			{
        -: 1165:			  if (DEBUG)
        -: 1166:			    printf("Player %d reveals card number %d\n", i, state->hand[i][k]);
        -: 1167:			}	
    #####: 1168:		      break;
        -: 1169:		    }		
        -: 1170:		}
        -: 1171:					
        -: 1172:	    }
        -: 1173:				
        -: 1174:	}				
        -: 1175:
        -: 1176:      //discard played card from hand
    #####: 1177:      discardCard(handPos, currentPlayer, state, 0);			
        -: 1178:
    #####: 1179:      return 0;
        -: 1180:
        -: 1181:		
        -: 1182:    case embargo: 
        -: 1183:      //+2 Coins
    #####: 1184:      state->coins = state->coins + 2;
        -: 1185:			
        -: 1186:      //see if selected pile is in play
    #####: 1187:      if ( state->supplyCount[choice1] == -1 )
        -: 1188:	{
    #####: 1189:	  return -1;
        -: 1190:	}
        -: 1191:			
        -: 1192:      //add embargo token to selected supply pile
    #####: 1193:      state->embargoTokens[choice1]++;
        -: 1194:			
        -: 1195:      //trash card
    #####: 1196:      discardCard(handPos, currentPlayer, state, 1);		
    #####: 1197:      return 0;
        -: 1198:		
        -: 1199:    case outpost:
        -: 1200:      //set outpost flag
    #####: 1201:      state->outpostPlayed++;
        -: 1202:			
        -: 1203:      //discard card
    #####: 1204:      discardCard(handPos, currentPlayer, state, 0);
    #####: 1205:      return 0;
        -: 1206:		
        -: 1207:    case salvager:
        -: 1208:      //+1 buy
    #####: 1209:      state->numBuys++;
        -: 1210:			
    #####: 1211:      if (choice1)
        -: 1212:	{
        -: 1213:	  //gain coins equal to trashed card
    #####: 1214:	  state->coins = state->coins + getCost( handCard(choice1, state) );
        -: 1215:	  //trash card
    #####: 1216:	  discardCard(choice1, currentPlayer, state, 1);	
        -: 1217:	}
        -: 1218:			
        -: 1219:      //discard card
    #####: 1220:      discardCard(handPos, currentPlayer, state, 0);
    #####: 1221:      return 0;
        -: 1222:		
        -: 1223:    case sea_hag:
    #####: 1224:      for (i = 0; i < state->numPlayers; i++){
    #####: 1225:	if (i != currentPlayer){
    #####: 1226:	  state->discard[i][state->discardCount[i]] = state->deck[i][state->deckCount[i]--];			    state->deckCount[i]--;
    #####: 1227:	  state->discardCount[i]++;
    #####: 1228:	  state->deck[i][state->deckCount[i]--] = curse;//Top card now a curse
        -: 1229:	}
        -: 1230:      }
    #####: 1231:      return 0;
        -: 1232:		
        -: 1233:    case treasure_map:
        -: 1234:      //search hand for another treasure_map
    #####: 1235:      index = -1;
    #####: 1236:      for (i = 0; i < state->handCount[currentPlayer]; i++)
        -: 1237:	{
    #####: 1238:	  if (state->hand[currentPlayer][i] == treasure_map && i != handPos)
        -: 1239:	    {
    #####: 1240:	      index = i;
    #####: 1241:	      break;
        -: 1242:	    }
        -: 1243:	}
    #####: 1244:      if (index > -1)
        -: 1245:	{
        -: 1246:	  //trash both treasure cards
    #####: 1247:	  discardCard(handPos, currentPlayer, state, 1);
    #####: 1248:	  discardCard(index, currentPlayer, state, 1);
        -: 1249:
        -: 1250:	  //gain 4 Gold cards
    #####: 1251:	  for (i = 0; i < 4; i++)
        -: 1252:	    {
    #####: 1253:	      gainCard(gold, state, 1, currentPlayer);
        -: 1254:	    }
        -: 1255:				
        -: 1256:	  //return success
    #####: 1257:	  return 1;
        -: 1258:	}
        -: 1259:			
        -: 1260:      //no second treasure_map found in hand
    #####: 1261:      return -1;
        -: 1262:    }
        -: 1263:	
    #####: 1264:  return -1;
        -: 1265:}
        -: 1266:
    #####: 1267:int discardCard(int handPos, int currentPlayer, struct gameState *state, int trashFlag)
        -: 1268:{
        -: 1269:	
        -: 1270:  //if card is not trashed, added to Played pile 
    #####: 1271:  if (trashFlag < 1)
        -: 1272:    {
        -: 1273:      //add card to played pile
    #####: 1274:      state->playedCards[state->playedCardCount] = state->hand[currentPlayer][handPos]; 
    #####: 1275:      state->playedCardCount++;
        -: 1276:    }
        -: 1277:	
        -: 1278:  //set played card to -1
    #####: 1279:  state->hand[currentPlayer][handPos] = -1;
        -: 1280:	
        -: 1281:  //remove card from player's hand
    #####: 1282:  if ( handPos == (state->handCount[currentPlayer] - 1) ) 	//last card in hand array is played
        -: 1283:    {
        -: 1284:      //reduce number of cards in hand
    #####: 1285:      state->handCount[currentPlayer]--;
        -: 1286:    }
    #####: 1287:  else if ( state->handCount[currentPlayer] == 1 ) //only one card in hand
        -: 1288:    {
        -: 1289:      //reduce number of cards in hand
    #####: 1290:      state->handCount[currentPlayer]--;
        -: 1291:    }
        -: 1292:  else 	
        -: 1293:    {
        -: 1294:      //replace discarded card with last card in hand
    #####: 1295:      state->hand[currentPlayer][handPos] = state->hand[currentPlayer][ (state->handCount[currentPlayer] - 1)];
        -: 1296:      //set last card to -1
    #####: 1297:      state->hand[currentPlayer][state->handCount[currentPlayer] - 1] = -1;
        -: 1298:      //reduce number of cards in hand
    #####: 1299:      state->handCount[currentPlayer]--;
        -: 1300:    }
        -: 1301:	
    #####: 1302:  return 0;
        -: 1303:}
        -: 1304:
    #####: 1305:int gainCard(int supplyPos, struct gameState *state, int toFlag, int player)
        -: 1306:{
        -: 1307:  //Note: supplyPos is enum of choosen card
        -: 1308:	
        -: 1309:  //check if supply pile is empty (0) or card is not used in game (-1)
    #####: 1310:  if ( supplyCount(supplyPos, state) < 1 )
        -: 1311:    {
    #####: 1312:      return -1;
        -: 1313:    }
        -: 1314:	
        -: 1315:  //added card for [whoseTurn] current player:
        -: 1316:  // toFlag = 0 : add to discard
        -: 1317:  // toFlag = 1 : add to deck
        -: 1318:  // toFlag = 2 : add to hand
        -: 1319:
    #####: 1320:  if (toFlag == 1)
        -: 1321:    {
    #####: 1322:      state->deck[ player ][ state->deckCount[player] ] = supplyPos;
    #####: 1323:      state->deckCount[player]++;
        -: 1324:    }
    #####: 1325:  else if (toFlag == 2)
        -: 1326:    {
    #####: 1327:      state->hand[ player ][ state->handCount[player] ] = supplyPos;
    #####: 1328:      state->handCount[player]++;
        -: 1329:    }
        -: 1330:  else
        -: 1331:    {
    #####: 1332:      state->discard[player][ state->discardCount[player] ] = supplyPos;
    #####: 1333:      state->discardCount[player]++;
        -: 1334:    }
        -: 1335:	
        -: 1336:  //decrease number in supply pile
    #####: 1337:  state->supplyCount[supplyPos]--;
        -: 1338:	 
    #####: 1339:  return 0;
        -: 1340:}
        -: 1341:
       24: 1342:int updateCoins(int player, struct gameState *state, int bonus)
        -: 1343:{
        -: 1344:  int i;
        -: 1345:	
        -: 1346:  //reset coin count
       24: 1347:  state->coins = 0;
        -: 1348:
        -: 1349:  //add coins for each Treasure card in player's hand
      144: 1350:  for (i = 0; i < state->handCount[player]; i++)
        -: 1351:    {
      120: 1352:      if (state->hand[player][i] == copper)
        -: 1353:	{
       96: 1354:	  state->coins += 1;
        -: 1355:	}
       24: 1356:      else if (state->hand[player][i] == silver)
        -: 1357:	{
    #####: 1358:	  state->coins += 2;
        -: 1359:	}
       24: 1360:      else if (state->hand[player][i] == gold)
        -: 1361:	{
    #####: 1362:	  state->coins += 3;
        -: 1363:	}	
        -: 1364:    }	
        -: 1365:
        -: 1366:  //add bonus
       24: 1367:  state->coins += bonus;
        -: 1368:
       24: 1369:  return 0;
        -: 1370:}
        -: 1371:
       12: 1372:int useSmithy(int player, struct gameState *state){
        -: 1373:	int i;
        -: 1374:	
        -: 1375:	//MY BUG - should be 3, not 4
       60: 1376:	for (i = 0; i < 4; i++)
        -: 1377:	{
       48: 1378:	  drawCard(player, state);
        -: 1379:	}
        -: 1380:	
       12: 1381:	return 0;
        -: 1382:}
        -: 1383:
       15: 1384:int useAdventurer(int drawntreasure, int currentPlayer, struct gameState *state, int cardDrawn, int *temphand, int z){
        -: 1385:	//MY BUG - should be 2 not 3.
       76: 1386:	while(drawntreasure<3){
       46: 1387:	if (state->deckCount[currentPlayer] <1){//if the deck is empty we need to shuffle discard and add to deck
        4: 1388:	  shuffle(currentPlayer, state);
        -: 1389:	}
       46: 1390:	drawCard(currentPlayer, state);
       46: 1391:	cardDrawn = state->hand[currentPlayer][state->handCount[currentPlayer]-1];//top card of hand is most recently drawn card.
       46: 1392:	if (cardDrawn == copper || cardDrawn == silver || cardDrawn == gold)
       45: 1393:	  drawntreasure++;
        -: 1394:	else{
        1: 1395:	  temphand[z]=cardDrawn;
        1: 1396:	  state->handCount[currentPlayer]--; //this should just remove the top card (the most recently drawn one).
        1: 1397:	  z++;
        -: 1398:	}
        -: 1399:      }
       31: 1400:      while(z-1>=0){
        1: 1401:	state->discard[currentPlayer][state->discardCount[currentPlayer]++]=temphand[z-1]; // discard all cards in play that have been drawn
        1: 1402:	z=z-1;
        -: 1403:      }
        -: 1404:	
       15: 1405:	return 0; 
        -: 1406:}
        -: 1407:
    #####: 1408:int useVillage(int currentPlayer, struct gameState *state){
        -: 1409:	
        -: 1410:	//+1 Card
    #####: 1411:      drawCard(currentPlayer, state);
        -: 1412:			
        -: 1413:      //+2 Actions
        -: 1414:	  //MY BUG - should be 2 not 3
    #####: 1415:      state->numActions = state->numActions + 3;
        -: 1416:	
    #####: 1417:	return 0;
        -: 1418:}
        -: 1419:
    #####: 1420:int useGreatHall(int currentPlayer, struct gameState *state){
        -: 1421:	//+1 Card
        -: 1422:	  //MY BUG - This should not be commented out.
        -: 1423:      //drawCard(currentPlayer, state);
        -: 1424:			
        -: 1425:      //+1 Actions
    #####: 1426:      state->numActions++;
        -: 1427:			
    #####: 1428:	return 0;
        -: 1429:}
        -: 1430:
    #####: 1431:int useCouncilRoom(int currentPlayer, struct gameState *state){
        -: 1432:	int i;
        -: 1433:	
        -: 1434:	//+4 Cards
    #####: 1435:      for (i = 0; i < 4; i++)
        -: 1436:	{
    #####: 1437:	  drawCard(currentPlayer, state);
        -: 1438:	}
        -: 1439:			
        -: 1440:      //+1 Buy
    #####: 1441:      state->numBuys++;
        -: 1442:			
        -: 1443:      //Each other player draws a card
    #####: 1444:      for (i = 0; i < state->numPlayers; i++)
        -: 1445:	{
    #####: 1446:	  if ( i != currentPlayer )
        -: 1447:	    {
    #####: 1448:	      drawCard(i, state);
        -: 1449:	    }
        -: 1450:	}
        -: 1451:	
    #####: 1452:	return 0;
        -: 1453:}
        -: 1454:
        -: 1455://end of dominion.c
        -: 1456:
        -: 1457:
        -: 1458:
        -: 1459:
        -: 1460:
