        -:    0:Source:unittest1.c
        -:    0:Graph:unittest1.gcno
        -:    0:Data:unittest1.gcda
        -:    0:Runs:1
        -:    0:Programs:1
        -:    1:#include "dominion.h"
        -:    2:#include "dominion_helpers.h"
        -:    3:#include "rngs.h"
        -:    4:#include <stdio.h>
        -:    5:#include <math.h>
        -:    6:#include <stdlib.h>
        -:    7:
        -:    8:
        1:    9:int main() {
        -:   10:
        1:   11:	printf("Unit Test 1 - getCost()\n");
        -:   12:  
        1:   13:	int card[] = {curse, estate, duchy, province, copper, silver, gold, adventurer, council_room, feast, gardens, mine, remodel, smithy, village, baron, great_hall, minion, steward, tribute, ambassador, cutpurse, embargo, outpost, salvager, sea_hag, treasure_map};
        -:   14:  
        1:   15:	int cost[] = {0, 2, 5, 8, 0, 3, 6, 6, 5, 4, 4, 5, 4, 4, 3, 4, 3, 5, 3, 5, 3, 4, 2, 5, 4, 4, 4};
        -:   16:
        -:   17:    int i;
       28:   18:  for (i = 0; i < 27; i++) {
       27:   19:	printf("Testing %d - Cost from getCost = %d, Actual cost = %d \n", card[i], getCost(card[i]), cost[i]);
        -:   20:	
       27:   21:	if(getCost(card[i]) != cost[i]){
    #####:   22:		printf("ERROR, card %d is incorrect", card[i]);
        -:   23:	}
        -:   24:
        -:   25:  }
        -:   26:
        1:   27:  return 0; 
        -:   28:
        -:   29:}
